<?xml version="1.0" encoding="UTF-8"?>
<!-- Generated by org.testng.reporters.JUnitReportReporter -->
<testsuite hostname="LAPTOP-G3P2S8VG" failures="0" tests="1" name="Eclipse_To_Git.Eclipse_To_Git" time="13.654" errors="0" timestamp="2025-04-27T11:02:38 IST" skipped="0">
  <testcase classname="Eclipse_To_Git.Eclipse_To_Git" name="login" time="13.654"/>
</testsuite> <!-- Eclipse_To_Git.Eclipse_To_Git -->
